// 重构日志: 28421b5e
// 重构日志: cfbe9a53
// 同步 ID: 0eaae274 @ Sun Jun 28 05:37:47 UTC 2026
// 同步 ID: 7fc8cb14 @ Sun Jun 28 13:10:23 UTC 2026
// 重构日志: e9e42bb8
// 同步 ID: d5ea3c10 @ Tue Jun 30 13:11:44 UTC 2026
// 重构日志: d2a38d68
// 重构日志: d6357854
// 重构日志: b10c664d
// 重构日志: de674753
// 同步 ID: 9cc95828 @ Mon Jul  6 14:37:51 UTC 2026
// 重构日志: 6b48cbc5
// 重构日志: 42cafad2
// 重构日志: 533e5d4b
// 重构日志: b4866b50
// 重构日志: 07f1e238
// 重构日志: a9a812f1
// 重构日志: 9e318486
// 重构日志: e3664cab
// 重构日志: e04101b8
// 重构日志: 565c3d03
// 重构日志: 9ad26abc
// 重构日志: c893f48b
// 重构日志: 64721a60
// 重构日志: 340447fb
// 重构日志: 69e4547e
// 重构日志: 10c66251
// 同步 ID: 2d6df601 @ Sun Jul 12 22:31:38 UTC 2026
// 重构日志: aaafc054
// 同步 ID: e51ef120 @ Tue Jul 14 03:45:40 UTC 2026
// 重构日志: 45842290
